<?xml version="1.0" encoding="UTF-8"?>
<testng-results skipped="0" failed="1" ignored="4" total="5" passed="0">
  <reporter-output>
  </reporter-output>
  <suite name="Default suite" duration-ms="139198" started-at="2019-07-19T09:24:37Z" finished-at="2019-07-19T09:26:56Z">
    <groups>
    </groups>
    <test name="Default test" duration-ms="139198" started-at="2019-07-19T09:24:37Z" finished-at="2019-07-19T09:26:56Z">
      <class name="talentwize.Test_FunctionalAccess_ED_CompanyJobHistory">
        <test-method status="PASS" signature="KhoiTaoCacNguonTaiNguyen()[pri:0, instance:talentwize.Test_FunctionalAccess_ED_CompanyJobHistory@59494225]" name="KhoiTaoCacNguonTaiNguyen" is-config="true" duration-ms="5009" started-at="2019-07-19T09:24:37Z" finished-at="2019-07-19T09:24:42Z">
          <reporter-output>
          </reporter-output>
        </test-method> <!-- KhoiTaoCacNguonTaiNguyen -->
        <test-method status="PASS" signature="PrintNameTestCase(java.lang.reflect.Method)[pri:0, instance:talentwize.Test_FunctionalAccess_ED_CompanyJobHistory@59494225]" name="PrintNameTestCase" is-config="true" duration-ms="2" started-at="2019-07-19T09:24:42Z" finished-at="2019-07-19T09:24:42Z">
          <params>
            <param index="0">
              <value>
                <![CDATA[public void talentwize.Test_FunctionalAccess_ED_CompanyJobHistory.TT_823() throws java.lang.InterruptedException]]>
              </value>
            </param>
          </params>
          <reporter-output>
          </reporter-output>
        </test-method> <!-- PrintNameTestCase -->
        <test-method status="FAIL" signature="TT_823()[pri:4, instance:talentwize.Test_FunctionalAccess_ED_CompanyJobHistory@59494225]" name="TT_823" duration-ms="93218" started-at="2019-07-19T09:24:42Z" finished-at="2019-07-19T09:26:15Z">
          <exception class="java.lang.AssertionError">
            <message>
              <![CDATA[User CAN NOT see /do:
1. Company Job history menu
2. in Position Detail panel:
  + Edit btn in Current area
  + Edit btn in New area
3. In Previous Position panel:
   + Edit btn with each record
4. In Contract Type panel
 + Contract Type Hyperlink

User Still see/do:
1. in Position Detail panel:
  + Add new position btn
2. In Previous Position panel:
   + Add Previous Position btn
   + Delete btn
3. In Contract Type panel
 + Add btn
 + Delete btn expected [true] but found [false]]]>
            </message>
            <full-stacktrace>
              <![CDATA[java.lang.AssertionError: User CAN NOT see /do:
1. Company Job history menu
2. in Position Detail panel:
  + Edit btn in Current area
  + Edit btn in New area
3. In Previous Position panel:
   + Edit btn with each record
4. In Contract Type panel
 + Contract Type Hyperlink

User Still see/do:
1. in Position Detail panel:
  + Add new position btn
2. In Previous Position panel:
   + Add Previous Position btn
   + Delete btn
3. In Contract Type panel
 + Add btn
 + Delete btn expected [true] but found [false]
at org.testng.Assert.fail(Assert.java:96)
at org.testng.Assert.failNotEquals(Assert.java:776)
at org.testng.Assert.assertTrue(Assert.java:44)
at Ulties.TestManager.setStatusTest(TestManager.java:16)
at talentwize.Test_FunctionalAccess_ED_CompanyJobHistory.TT_823(Test_FunctionalAccess_ED_CompanyJobHistory.java:389)
at sun.reflect.NativeMethodAccessorImpl.invoke0(Native Method)
at sun.reflect.NativeMethodAccessorImpl.invoke(NativeMethodAccessorImpl.java:62)
at sun.reflect.DelegatingMethodAccessorImpl.invoke(DelegatingMethodAccessorImpl.java:43)
at java.lang.reflect.Method.invoke(Method.java:498)
at org.testng.internal.MethodInvocationHelper.invokeMethod(MethodInvocationHelper.java:124)
at org.testng.internal.Invoker.invokeMethod(Invoker.java:583)
at org.testng.internal.Invoker.invokeTestMethod(Invoker.java:719)
at org.testng.internal.Invoker.invokeTestMethods(Invoker.java:989)
at org.testng.internal.TestMethodWorker.invokeTestMethods(TestMethodWorker.java:125)
at org.testng.internal.TestMethodWorker.run(TestMethodWorker.java:109)
at org.testng.TestRunner.privateRun(TestRunner.java:648)
at org.testng.TestRunner.run(TestRunner.java:505)
at org.testng.SuiteRunner.runTest(SuiteRunner.java:455)
at org.testng.SuiteRunner.runSequentially(SuiteRunner.java:450)
at org.testng.SuiteRunner.privateRun(SuiteRunner.java:415)
at org.testng.SuiteRunner.run(SuiteRunner.java:364)
at org.testng.SuiteRunnerWorker.runSuite(SuiteRunnerWorker.java:52)
at org.testng.SuiteRunnerWorker.run(SuiteRunnerWorker.java:84)
at org.testng.TestNG.runSuitesSequentially(TestNG.java:1208)
at org.testng.TestNG.runSuitesLocally(TestNG.java:1137)
at org.testng.TestNG.runSuites(TestNG.java:1049)
at org.testng.TestNG.run(TestNG.java:1017)
at org.testng.remote.AbstractRemoteTestNG.run(AbstractRemoteTestNG.java:115)
at org.testng.remote.RemoteTestNG.initAndRun(RemoteTestNG.java:251)
at org.testng.remote.RemoteTestNG.main(RemoteTestNG.java:77)
]]>
            </full-stacktrace>
          </exception> <!-- java.lang.AssertionError -->
          <reporter-output>
          </reporter-output>
        </test-method> <!-- TT_823 -->
        <test-method status="PASS" signature="finishTestCase(java.lang.reflect.Method)[pri:0, instance:talentwize.Test_FunctionalAccess_ED_CompanyJobHistory@59494225]" name="finishTestCase" is-config="true" duration-ms="38870" started-at="2019-07-19T09:26:15Z" finished-at="2019-07-19T09:26:54Z">
          <params>
            <param index="0">
              <value>
                <![CDATA[public void talentwize.Test_FunctionalAccess_ED_CompanyJobHistory.TT_823() throws java.lang.InterruptedException]]>
              </value>
            </param>
          </params>
          <reporter-output>
          </reporter-output>
        </test-method> <!-- finishTestCase -->
        <test-method status="PASS" signature="dongTrinhDuyet()[pri:0, instance:talentwize.Test_FunctionalAccess_ED_CompanyJobHistory@59494225]" name="dongTrinhDuyet" is-config="true" duration-ms="2073" started-at="2019-07-19T09:26:54Z" finished-at="2019-07-19T09:26:56Z">
          <reporter-output>
          </reporter-output>
        </test-method> <!-- dongTrinhDuyet -->
      </class> <!-- talentwize.Test_FunctionalAccess_ED_CompanyJobHistory -->
    </test> <!-- Default test -->
  </suite> <!-- Default suite -->
</testng-results>
